Determining if the pthread_create exist failed with the following output:
Change Dir: /home/dr3m/Grive/travaux/CImg_ISIMA/Archive/First_work/build/CMakeFiles/CMakeTmp

Run Build Command:"/usr/bin/make" "cmTC_37487/fast"
/usr/bin/make -f CMakeFiles/cmTC_37487.dir/build.make CMakeFiles/cmTC_37487.dir/build
make[1] : on entre dans le répertoire « /home/dr3m/Grive/travaux/CImg_ISIMA/Archive/First_work/build/CMakeFiles/CMakeTmp »
Building C object CMakeFiles/cmTC_37487.dir/CheckSymbolExists.c.o
/usr/bin/cc    -o CMakeFiles/cmTC_37487.dir/CheckSymbolExists.c.o   -c /home/dr3m/Grive/travaux/CImg_ISIMA/Archive/First_work/build/CMakeFiles/CMakeTmp/CheckSymbolExists.c
Linking C executable cmTC_37487
/usr/bin/cmake -E cmake_link_script CMakeFiles/cmTC_37487.dir/link.txt --verbose=1
/usr/bin/cc      -rdynamic CMakeFiles/cmTC_37487.dir/CheckSymbolExists.c.o  -o cmTC_37487 
/usr/bin/ld: CMakeFiles/cmTC_37487.dir/CheckSymbolExists.c.o: in function `main':
CheckSymbolExists.c:(.text+0x1b): undefined reference to `pthread_create'
collect2: error: ld returned 1 exit status
make[1]: *** [CMakeFiles/cmTC_37487.dir/build.make:87: cmTC_37487] Error 1
make[1] : on quitte le répertoire « /home/dr3m/Grive/travaux/CImg_ISIMA/Archive/First_work/build/CMakeFiles/CMakeTmp »
make: *** [Makefile:121: cmTC_37487/fast] Error 2

File /home/dr3m/Grive/travaux/CImg_ISIMA/Archive/First_work/build/CMakeFiles/CMakeTmp/CheckSymbolExists.c:
/* */
#include <pthread.h>

int main(int argc, char** argv)
{
  (void)argv;
#ifndef pthread_create
  return ((int*)(&pthread_create))[argc];
#else
  (void)argc;
  return 0;
#endif
}

Determining if the function pthread_create exists in the pthreads failed with the following output:
Change Dir: /home/dr3m/Grive/travaux/CImg_ISIMA/Archive/First_work/build/CMakeFiles/CMakeTmp

Run Build Command:"/usr/bin/make" "cmTC_4b31e/fast"
/usr/bin/make -f CMakeFiles/cmTC_4b31e.dir/build.make CMakeFiles/cmTC_4b31e.dir/build
make[1] : on entre dans le répertoire « /home/dr3m/Grive/travaux/CImg_ISIMA/Archive/First_work/build/CMakeFiles/CMakeTmp »
Building C object CMakeFiles/cmTC_4b31e.dir/CheckFunctionExists.c.o
/usr/bin/cc   -DCHECK_FUNCTION_EXISTS=pthread_create   -o CMakeFiles/cmTC_4b31e.dir/CheckFunctionExists.c.o   -c /usr/share/cmake-3.13/Modules/CheckFunctionExists.c
Linking C executable cmTC_4b31e
/usr/bin/cmake -E cmake_link_script CMakeFiles/cmTC_4b31e.dir/link.txt --verbose=1
/usr/bin/cc  -DCHECK_FUNCTION_EXISTS=pthread_create    -rdynamic CMakeFiles/cmTC_4b31e.dir/CheckFunctionExists.c.o  -o cmTC_4b31e -lpthreads 
/usr/bin/ld : ne peut trouver -lpthreads
collect2: error: ld returned 1 exit status
make[1]: *** [CMakeFiles/cmTC_4b31e.dir/build.make:87: cmTC_4b31e] Error 1
make[1] : on quitte le répertoire « /home/dr3m/Grive/travaux/CImg_ISIMA/Archive/First_work/build/CMakeFiles/CMakeTmp »
make: *** [Makefile:121: cmTC_4b31e/fast] Error 2


