Determining if the pthread_create exist failed with the following output:
Change Dir: /home/dr3m/Grive/travaux/CImg_ISIMA/Archive/Second_try/build/CMakeFiles/CMakeTmp

Run Build Command:"/usr/bin/make" "cmTC_5f385/fast"
/usr/bin/make -f CMakeFiles/cmTC_5f385.dir/build.make CMakeFiles/cmTC_5f385.dir/build
make[1] : on entre dans le répertoire « /home/dr3m/Grive/travaux/CImg_ISIMA/Archive/Second_try/build/CMakeFiles/CMakeTmp »
Building C object CMakeFiles/cmTC_5f385.dir/CheckSymbolExists.c.o
/usr/bin/cc    -o CMakeFiles/cmTC_5f385.dir/CheckSymbolExists.c.o   -c /home/dr3m/Grive/travaux/CImg_ISIMA/Archive/Second_try/build/CMakeFiles/CMakeTmp/CheckSymbolExists.c
Linking C executable cmTC_5f385
/usr/bin/cmake -E cmake_link_script CMakeFiles/cmTC_5f385.dir/link.txt --verbose=1
/usr/bin/cc      -rdynamic CMakeFiles/cmTC_5f385.dir/CheckSymbolExists.c.o  -o cmTC_5f385 
/usr/bin/ld: CMakeFiles/cmTC_5f385.dir/CheckSymbolExists.c.o: in function `main':
CheckSymbolExists.c:(.text+0x1b): undefined reference to `pthread_create'
collect2: error: ld returned 1 exit status
make[1]: *** [CMakeFiles/cmTC_5f385.dir/build.make:87: cmTC_5f385] Error 1
make[1] : on quitte le répertoire « /home/dr3m/Grive/travaux/CImg_ISIMA/Archive/Second_try/build/CMakeFiles/CMakeTmp »
make: *** [Makefile:121: cmTC_5f385/fast] Error 2

File /home/dr3m/Grive/travaux/CImg_ISIMA/Archive/Second_try/build/CMakeFiles/CMakeTmp/CheckSymbolExists.c:
/* */
#include <pthread.h>

int main(int argc, char** argv)
{
  (void)argv;
#ifndef pthread_create
  return ((int*)(&pthread_create))[argc];
#else
  (void)argc;
  return 0;
#endif
}

Determining if the function pthread_create exists in the pthreads failed with the following output:
Change Dir: /home/dr3m/Grive/travaux/CImg_ISIMA/Archive/Second_try/build/CMakeFiles/CMakeTmp

Run Build Command:"/usr/bin/make" "cmTC_84fd5/fast"
/usr/bin/make -f CMakeFiles/cmTC_84fd5.dir/build.make CMakeFiles/cmTC_84fd5.dir/build
make[1] : on entre dans le répertoire « /home/dr3m/Grive/travaux/CImg_ISIMA/Archive/Second_try/build/CMakeFiles/CMakeTmp »
Building C object CMakeFiles/cmTC_84fd5.dir/CheckFunctionExists.c.o
/usr/bin/cc   -DCHECK_FUNCTION_EXISTS=pthread_create   -o CMakeFiles/cmTC_84fd5.dir/CheckFunctionExists.c.o   -c /usr/share/cmake-3.13/Modules/CheckFunctionExists.c
Linking C executable cmTC_84fd5
/usr/bin/cmake -E cmake_link_script CMakeFiles/cmTC_84fd5.dir/link.txt --verbose=1
/usr/bin/cc  -DCHECK_FUNCTION_EXISTS=pthread_create    -rdynamic CMakeFiles/cmTC_84fd5.dir/CheckFunctionExists.c.o  -o cmTC_84fd5 -lpthreads 
/usr/bin/ld : ne peut trouver -lpthreads
collect2: error: ld returned 1 exit status
make[1]: *** [CMakeFiles/cmTC_84fd5.dir/build.make:87: cmTC_84fd5] Error 1
make[1] : on quitte le répertoire « /home/dr3m/Grive/travaux/CImg_ISIMA/Archive/Second_try/build/CMakeFiles/CMakeTmp »
make: *** [Makefile:121: cmTC_84fd5/fast] Error 2


